Epoch 1

loss: 4.682302, 32.000000/59000.000000
tensor([[[0.0090, 0.0090, 0.0090,  ..., 0.0090, 0.0090, 0.0090],
         [0.0091, 0.0091, 0.0091,  ..., 0.0090, 0.0090, 0.0090],
         [0.0097, 0.0097, 0.0098,  ..., 0.0098, 0.0098, 0.0098],
         ...,
         [0.0092, 0.0091, 0.0091,  ..., 0.0092, 0.0092, 0.0092],
         [0.0091, 0.0091, 0.0091,  ..., 0.0091, 0.0091, 0.0091],
         [0.0090, 0.0090, 0.0090,  ..., 0.0090, 0.0090, 0.0090]],

        [[0.0090, 0.0090, 0.0089,  ..., 0.0089, 0.0089, 0.0089],
         [0.0091, 0.0091, 0.0091,  ..., 0.0091, 0.0091, 0.0091],
         [0.0097, 0.0097, 0.0097,  ..., 0.0098, 0.0098, 0.0098],
         ...,
         [0.0092, 0.0091, 0.0091,  ..., 0.0091, 0.0091, 0.0091],
         [0.0091, 0.0091, 0.0091,  ..., 0.0091, 0.0091, 0.0091],
         [0.0090, 0.0091, 0.0091,  ..., 0.0090, 0.0090, 0.0090]],

        [[0.0090, 0.0090, 0.0090,  ..., 0.0089, 0.0089, 0.0089],
         [0.0091, 0.0091, 0.0091,  ..., 0.0090, 0.0090, 0.0090],
         [0.0097, 0.0097, 0.0098,  ..., 0.0098, 0.0098, 0.0098],
         ...,
         [0.0092, 0.0092, 0.0091,  ..., 0.0091, 0.0091, 0.0091],
         [0.0091, 0.0091, 0.0091,  ..., 0.0091, 0.0091, 0.0091],
         [0.0091, 0.0091, 0.0091,  ..., 0.0091, 0.0091, 0.0091]],

        ...,

        [[0.0090, 0.0090, 0.0090,  ..., 0.0090, 0.0090, 0.0090],
         [0.0091, 0.0091, 0.0091,  ..., 0.0091, 0.0091, 0.0091],
         [0.0097, 0.0097, 0.0097,  ..., 0.0097, 0.0097, 0.0097],
         ...,
         [0.0092, 0.0092, 0.0092,  ..., 0.0092, 0.0092, 0.0092],
         [0.0091, 0.0091, 0.0091,  ..., 0.0091, 0.0091, 0.0091],
         [0.0090, 0.0090, 0.0090,  ..., 0.0090, 0.0090, 0.0090]],

        [[0.0090, 0.0090, 0.0089,  ..., 0.0089, 0.0089, 0.0089],
         [0.0091, 0.0091, 0.0091,  ..., 0.0091, 0.0091, 0.0091],
         [0.0097, 0.0097, 0.0097,  ..., 0.0097, 0.0097, 0.0097],
         ...,
         [0.0092, 0.0091, 0.0091,  ..., 0.0091, 0.0091, 0.0091],
         [0.0091, 0.0091, 0.0091,  ..., 0.0091, 0.0091, 0.0091],
         [0.0090, 0.0091, 0.0091,  ..., 0.0090, 0.0090, 0.0090]],

        [[0.0090, 0.0090, 0.0089,  ..., 0.0089, 0.0089, 0.0089],
         [0.0091, 0.0091, 0.0091,  ..., 0.0091, 0.0091, 0.0091],
         [0.0097, 0.0097, 0.0097,  ..., 0.0098, 0.0098, 0.0098],
         ...,
         [0.0091, 0.0091, 0.0091,  ..., 0.0091, 0.0091, 0.0091],
         [0.0091, 0.0091, 0.0091,  ..., 0.0091, 0.0091, 0.0091],
         [0.0090, 0.0090, 0.0090,  ..., 0.0090, 0.0090, 0.0090]]],
       grad_fn=<SoftmaxBackward0>)
tensor([[68,  2,  2,  ...,  2,  2,  2],
        [68, 97, 97,  ..., 97, 97, 97],
        [68, 97, 97,  ..., 97, 97, 97],
        ...,
        [22, 22, 97,  ..., 97, 97, 97],
        [15, 97, 97,  ..., 97, 97, 97],
        [68, 97, 97,  ..., 97, 97, 97]])
tensor([[ 93,  61,  96,  ..., 107, 107, 107],
        [ 68,  35,  34,  ..., 107, 107, 107],
        [ 93,  93, 103,  ..., 107, 107, 107],
        ...,
        [ 65, 106,  72,  ..., 107, 107, 107],
        [ 93, 103,   2,  ..., 107, 107, 107],
        [103, 103,  93,  ..., 107, 107, 107]])
loss: 4.672267, 1312.000000/59000.000000
tensor([[[1.0765e-24, 9.1143e-03, 9.1143e-03,  ..., 9.1143e-03,
          9.1143e-03, 9.1143e-03],
         [2.4761e-22, 9.1143e-03, 9.1143e-03,  ..., 9.1143e-03,
          9.1143e-03, 9.1143e-03],
         [8.0651e-23, 9.1143e-03, 9.1143e-03,  ..., 9.1143e-03,
          9.1143e-03, 9.1143e-03],
         ...,
         [2.2951e-22, 9.1143e-03, 9.1143e-03,  ..., 9.1143e-03,
          9.1143e-03, 9.1143e-03],
         [6.9527e-22, 9.1143e-03, 9.1143e-03,  ..., 9.1143e-03,
          9.1143e-03, 9.1143e-03],
         [1.0000e+00, 2.4775e-02, 2.4775e-02,  ..., 2.4775e-02,
          2.4775e-02, 2.4775e-02]],

        [[1.0765e-24, 9.1143e-03, 9.1143e-03,  ..., 9.1143e-03,
          9.1143e-03, 9.1143e-03],
         [2.4761e-22, 9.1143e-03, 9.1143e-03,  ..., 9.1143e-03,
          9.1143e-03, 9.1143e-03],
         [8.0651e-23, 9.1143e-03, 9.1143e-03,  ..., 9.1143e-03,
          9.1143e-03, 9.1143e-03],
         ...,
         [2.2951e-22, 9.1143e-03, 9.1143e-03,  ..., 9.1143e-03,
          9.1143e-03, 9.1143e-03],
         [6.9527e-22, 9.1143e-03, 9.1143e-03,  ..., 9.1143e-03,
          9.1143e-03, 9.1143e-03],
         [1.0000e+00, 2.4775e-02, 2.4775e-02,  ..., 2.4775e-02,
          2.4775e-02, 2.4775e-02]],

        [[1.0765e-24, 9.1143e-03, 9.1143e-03,  ..., 9.1143e-03,
          9.1143e-03, 9.1143e-03],
         [2.4761e-22, 9.1143e-03, 9.1143e-03,  ..., 9.1143e-03,
          9.1143e-03, 9.1143e-03],
         [8.0651e-23, 9.1143e-03, 9.1143e-03,  ..., 9.1143e-03,
          9.1143e-03, 9.1143e-03],
         ...,
         [2.2951e-22, 9.1143e-03, 9.1143e-03,  ..., 9.1143e-03,
          9.1143e-03, 9.1143e-03],
         [6.9527e-22, 9.1143e-03, 9.1143e-03,  ..., 9.1143e-03,
          9.1143e-03, 9.1143e-03],
         [1.0000e+00, 2.4775e-02, 2.4775e-02,  ..., 2.4775e-02,
          2.4775e-02, 2.4775e-02]],

        ...,

        [[1.0765e-24, 9.1143e-03, 9.1143e-03,  ..., 9.1143e-03,
          9.1143e-03, 9.1143e-03],
         [2.4761e-22, 9.1143e-03, 9.1143e-03,  ..., 9.1143e-03,
          9.1143e-03, 9.1143e-03],
         [8.0651e-23, 9.1143e-03, 9.1143e-03,  ..., 9.1143e-03,
          9.1143e-03, 9.1143e-03],
         ...,
         [2.2951e-22, 9.1143e-03, 9.1143e-03,  ..., 9.1143e-03,
          9.1143e-03, 9.1143e-03],
         [6.9527e-22, 9.1143e-03, 9.1143e-03,  ..., 9.1143e-03,
          9.1143e-03, 9.1143e-03],
         [1.0000e+00, 2.4775e-02, 2.4775e-02,  ..., 2.4775e-02,
          2.4775e-02, 2.4775e-02]],

        [[1.0765e-24, 9.1143e-03, 9.1143e-03,  ..., 9.1143e-03,
          9.1143e-03, 9.1143e-03],
         [2.4761e-22, 9.1143e-03, 9.1143e-03,  ..., 9.1143e-03,
          9.1143e-03, 9.1143e-03],
         [8.0651e-23, 9.1143e-03, 9.1143e-03,  ..., 9.1143e-03,
          9.1143e-03, 9.1143e-03],
         ...,
         [2.2951e-22, 9.1143e-03, 9.1143e-03,  ..., 9.1143e-03,
          9.1143e-03, 9.1143e-03],
         [6.9527e-22, 9.1143e-03, 9.1143e-03,  ..., 9.1143e-03,
          9.1143e-03, 9.1143e-03],
         [1.0000e+00, 2.4775e-02, 2.4775e-02,  ..., 2.4775e-02,
          2.4775e-02, 2.4775e-02]],

        [[1.0765e-24, 9.1143e-03, 9.1143e-03,  ..., 9.1143e-03,
          9.1143e-03, 9.1143e-03],
         [2.4761e-22, 9.1143e-03, 9.1143e-03,  ..., 9.1143e-03,
          9.1143e-03, 9.1143e-03],
         [8.0651e-23, 9.1143e-03, 9.1143e-03,  ..., 9.1143e-03,
          9.1143e-03, 9.1143e-03],
         ...,
         [2.2951e-22, 9.1143e-03, 9.1143e-03,  ..., 9.1143e-03,
          9.1143e-03, 9.1143e-03],
         [6.9527e-22, 9.1143e-03, 9.1143e-03,  ..., 9.1143e-03,
          9.1143e-03, 9.1143e-03],
         [1.0000e+00, 2.4775e-02, 2.4775e-02,  ..., 2.4775e-02,
          2.4775e-02, 2.4775e-02]]], grad_fn=<SoftmaxBackward0>)
tensor([[107, 107, 107,  ..., 107, 107, 107],
        [107, 107, 107,  ..., 107, 107, 107],
        [107, 107, 107,  ..., 107, 107, 107],
        ...,
        [107, 107, 107,  ..., 107, 107, 107],
        [107, 107, 107,  ..., 107, 107, 107],
        [107, 107, 107,  ..., 107, 107, 107]])
tensor([[ 15, 106,  17,  ..., 107, 107, 107],
        [103,  82, 105,  ..., 107, 107, 107],
        [103,  75,  40,  ..., 107, 107, 107],
        ...,
        [ 60,  91,  98,  ..., 107, 107, 107],
        [ 93,  43,  96,  ..., 107, 107, 107],
        [103,  92,  74,  ..., 107, 107, 107]])
loss: 4.671521, 2592.000000/59000.000000
tensor([[[4.6528e-25, 9.1143e-03, 9.1143e-03,  ..., 9.1143e-03,
          9.1143e-03, 9.1143e-03],
         [1.1657e-22, 9.1143e-03, 9.1143e-03,  ..., 9.1143e-03,
          9.1143e-03, 9.1143e-03],
         [3.7132e-23, 9.1143e-03, 9.1143e-03,  ..., 9.1143e-03,
          9.1143e-03, 9.1143e-03],
         ...,
         [1.0982e-22, 9.1143e-03, 9.1143e-03,  ..., 9.1143e-03,
          9.1143e-03, 9.1143e-03],
         [3.3874e-22, 9.1143e-03, 9.1143e-03,  ..., 9.1143e-03,
          9.1143e-03, 9.1143e-03],
         [1.0000e+00, 2.4775e-02, 2.4775e-02,  ..., 2.4775e-02,
          2.4775e-02, 2.4775e-02]],

        [[4.6528e-25, 9.1143e-03, 9.1143e-03,  ..., 9.1143e-03,
          9.1143e-03, 9.1143e-03],
         [1.1657e-22, 9.1143e-03, 9.1143e-03,  ..., 9.1143e-03,
          9.1143e-03, 9.1143e-03],
         [3.7132e-23, 9.1143e-03, 9.1143e-03,  ..., 9.1143e-03,
          9.1143e-03, 9.1143e-03],
         ...,
         [1.0982e-22, 9.1143e-03, 9.1143e-03,  ..., 9.1143e-03,
          9.1143e-03, 9.1143e-03],
         [3.3874e-22, 9.1143e-03, 9.1143e-03,  ..., 9.1143e-03,
          9.1143e-03, 9.1143e-03],
         [1.0000e+00, 2.4775e-02, 2.4775e-02,  ..., 2.4775e-02,
          2.4775e-02, 2.4775e-02]],

        [[4.6528e-25, 9.1143e-03, 9.1143e-03,  ..., 9.1143e-03,
          9.1143e-03, 9.1143e-03],
         [1.1657e-22, 9.1143e-03, 9.1143e-03,  ..., 9.1143e-03,
          9.1143e-03, 9.1143e-03],
         [3.7132e-23, 9.1143e-03, 9.1143e-03,  ..., 9.1143e-03,
          9.1143e-03, 9.1143e-03],
         ...,
         [1.0982e-22, 9.1143e-03, 9.1143e-03,  ..., 9.1143e-03,
          9.1143e-03, 9.1143e-03],
         [3.3874e-22, 9.1143e-03, 9.1143e-03,  ..., 9.1143e-03,
          9.1143e-03, 9.1143e-03],
         [1.0000e+00, 2.4775e-02, 2.4775e-02,  ..., 2.4775e-02,
          2.4775e-02, 2.4775e-02]],

        ...,

        [[4.6528e-25, 9.1143e-03, 9.1143e-03,  ..., 9.1143e-03,
          9.1143e-03, 9.1143e-03],
         [1.1657e-22, 9.1143e-03, 9.1143e-03,  ..., 9.1143e-03,
          9.1143e-03, 9.1143e-03],
         [3.7132e-23, 9.1143e-03, 9.1143e-03,  ..., 9.1143e-03,
          9.1143e-03, 9.1143e-03],
         ...,
         [1.0982e-22, 9.1143e-03, 9.1143e-03,  ..., 9.1143e-03,
          9.1143e-03, 9.1143e-03],
         [3.3874e-22, 9.1143e-03, 9.1143e-03,  ..., 9.1143e-03,
          9.1143e-03, 9.1143e-03],
         [1.0000e+00, 2.4775e-02, 2.4775e-02,  ..., 2.4775e-02,
          2.4775e-02, 2.4775e-02]],

        [[4.6528e-25, 9.1143e-03, 9.1143e-03,  ..., 9.1143e-03,
          9.1143e-03, 9.1143e-03],
         [1.1657e-22, 9.1143e-03, 9.1143e-03,  ..., 9.1143e-03,
          9.1143e-03, 9.1143e-03],
         [3.7132e-23, 9.1143e-03, 9.1143e-03,  ..., 9.1143e-03,
          9.1143e-03, 9.1143e-03],
         ...,
         [1.0982e-22, 9.1143e-03, 9.1143e-03,  ..., 9.1143e-03,
          9.1143e-03, 9.1143e-03],
         [3.3874e-22, 9.1143e-03, 9.1143e-03,  ..., 9.1143e-03,
          9.1143e-03, 9.1143e-03],
         [1.0000e+00, 2.4775e-02, 2.4775e-02,  ..., 2.4775e-02,
          2.4775e-02, 2.4775e-02]],

        [[4.6528e-25, 9.1143e-03, 9.1143e-03,  ..., 9.1143e-03,
          9.1143e-03, 9.1143e-03],
         [1.1657e-22, 9.1143e-03, 9.1143e-03,  ..., 9.1143e-03,
          9.1143e-03, 9.1143e-03],
         [3.7132e-23, 9.1143e-03, 9.1143e-03,  ..., 9.1143e-03,
          9.1143e-03, 9.1143e-03],
         ...,
         [1.0982e-22, 9.1143e-03, 9.1143e-03,  ..., 9.1143e-03,
          9.1143e-03, 9.1143e-03],
         [3.3874e-22, 9.1143e-03, 9.1143e-03,  ..., 9.1143e-03,
          9.1143e-03, 9.1143e-03],
         [1.0000e+00, 2.4775e-02, 2.4775e-02,  ..., 2.4775e-02,
          2.4775e-02, 2.4775e-02]]], grad_fn=<SoftmaxBackward0>)
tensor([[107, 107, 107,  ..., 107, 107, 107],
        [107, 107, 107,  ..., 107, 107, 107],
        [107, 107, 107,  ..., 107, 107, 107],
        ...,
        [107, 107, 107,  ..., 107, 107, 107],
        [107, 107, 107,  ..., 107, 107, 107],
        [107, 107, 107,  ..., 107, 107, 107]])
tensor([[  9, 106,  26,  ..., 107, 107, 107],
        [ 54,  97,  82,  ..., 107, 107, 107],
        [ 93,  68,  98,  ..., 107, 107, 107],
        ...,
        [103,  90,  95,  ..., 107, 107, 107],
        [101,  93,  55,  ..., 107, 107, 107],
        [103,  93,  93,  ..., 107, 107, 107]])
loss: 4.672231, 3872.000000/59000.000000
tensor([[[4.7820e-25, 9.1143e-03, 9.1143e-03,  ..., 9.1143e-03,
          9.1143e-03, 9.1143e-03],
         [1.1949e-22, 9.1143e-03, 9.1143e-03,  ..., 9.1143e-03,
          9.1143e-03, 9.1143e-03],
         [3.8082e-23, 9.1143e-03, 9.1143e-03,  ..., 9.1143e-03,
          9.1143e-03, 9.1143e-03],
         ...,
         [1.1261e-22, 9.1143e-03, 9.1143e-03,  ..., 9.1143e-03,
          9.1143e-03, 9.1143e-03],
         [3.4716e-22, 9.1143e-03, 9.1143e-03,  ..., 9.1143e-03,
          9.1143e-03, 9.1143e-03],
         [1.0000e+00, 2.4775e-02, 2.4775e-02,  ..., 2.4775e-02,
          2.4775e-02, 2.4775e-02]],

        [[4.7820e-25, 9.1143e-03, 9.1143e-03,  ..., 9.1143e-03,
          9.1143e-03, 9.1143e-03],
         [1.1949e-22, 9.1143e-03, 9.1143e-03,  ..., 9.1143e-03,
          9.1143e-03, 9.1143e-03],
         [3.8082e-23, 9.1143e-03, 9.1143e-03,  ..., 9.1143e-03,
          9.1143e-03, 9.1143e-03],
         ...,
         [1.1261e-22, 9.1143e-03, 9.1143e-03,  ..., 9.1143e-03,
          9.1143e-03, 9.1143e-03],
         [3.4716e-22, 9.1143e-03, 9.1143e-03,  ..., 9.1143e-03,
          9.1143e-03, 9.1143e-03],
         [1.0000e+00, 2.4775e-02, 2.4775e-02,  ..., 2.4775e-02,
          2.4775e-02, 2.4775e-02]],

        [[4.7820e-25, 9.1143e-03, 9.1143e-03,  ..., 9.1143e-03,
          9.1143e-03, 9.1143e-03],
         [1.1949e-22, 9.1143e-03, 9.1143e-03,  ..., 9.1143e-03,
          9.1143e-03, 9.1143e-03],
         [3.8082e-23, 9.1143e-03, 9.1143e-03,  ..., 9.1143e-03,
          9.1143e-03, 9.1143e-03],
         ...,
         [1.1261e-22, 9.1143e-03, 9.1143e-03,  ..., 9.1143e-03,
          9.1143e-03, 9.1143e-03],
         [3.4716e-22, 9.1143e-03, 9.1143e-03,  ..., 9.1143e-03,
          9.1143e-03, 9.1143e-03],
         [1.0000e+00, 2.4775e-02, 2.4775e-02,  ..., 2.4775e-02,
          2.4775e-02, 2.4775e-02]],

        ...,

        [[4.7820e-25, 9.1143e-03, 9.1143e-03,  ..., 9.1143e-03,
          9.1143e-03, 9.1143e-03],
         [1.1949e-22, 9.1143e-03, 9.1143e-03,  ..., 9.1143e-03,
          9.1143e-03, 9.1143e-03],
         [3.8082e-23, 9.1143e-03, 9.1143e-03,  ..., 9.1143e-03,
          9.1143e-03, 9.1143e-03],
         ...,
         [1.1261e-22, 9.1143e-03, 9.1143e-03,  ..., 9.1143e-03,
          9.1143e-03, 9.1143e-03],
         [3.4716e-22, 9.1143e-03, 9.1143e-03,  ..., 9.1143e-03,
          9.1143e-03, 9.1143e-03],
         [1.0000e+00, 2.4775e-02, 2.4775e-02,  ..., 2.4775e-02,
          2.4775e-02, 2.4775e-02]],

        [[4.7820e-25, 9.1143e-03, 9.1143e-03,  ..., 9.1143e-03,
          9.1143e-03, 9.1143e-03],
         [1.1949e-22, 9.1143e-03, 9.1143e-03,  ..., 9.1143e-03,
          9.1143e-03, 9.1143e-03],
         [3.8082e-23, 9.1143e-03, 9.1143e-03,  ..., 9.1143e-03,
          9.1143e-03, 9.1143e-03],
         ...,
         [1.1261e-22, 9.1143e-03, 9.1143e-03,  ..., 9.1143e-03,
          9.1143e-03, 9.1143e-03],
         [3.4716e-22, 9.1143e-03, 9.1143e-03,  ..., 9.1143e-03,
          9.1143e-03, 9.1143e-03],
         [1.0000e+00, 2.4775e-02, 2.4775e-02,  ..., 2.4775e-02,
          2.4775e-02, 2.4775e-02]],

        [[4.7820e-25, 9.1143e-03, 9.1143e-03,  ..., 9.1143e-03,
          9.1143e-03, 9.1143e-03],
         [1.1949e-22, 9.1143e-03, 9.1143e-03,  ..., 9.1143e-03,
          9.1143e-03, 9.1143e-03],
         [3.8082e-23, 9.1143e-03, 9.1143e-03,  ..., 9.1143e-03,
          9.1143e-03, 9.1143e-03],
         ...,
         [1.1261e-22, 9.1143e-03, 9.1143e-03,  ..., 9.1143e-03,
          9.1143e-03, 9.1143e-03],
         [3.4716e-22, 9.1143e-03, 9.1143e-03,  ..., 9.1143e-03,
          9.1143e-03, 9.1143e-03],
         [1.0000e+00, 2.4775e-02, 2.4775e-02,  ..., 2.4775e-02,
          2.4775e-02, 2.4775e-02]]], grad_fn=<SoftmaxBackward0>)
tensor([[107, 107, 107,  ..., 107, 107, 107],
        [107, 107, 107,  ..., 107, 107, 107],
        [107, 107, 107,  ..., 107, 107, 107],
        ...,
        [107, 107, 107,  ..., 107, 107, 107],
        [107, 107, 107,  ..., 107, 107, 107],
        [107, 107, 107,  ..., 107, 107, 107]])
tensor([[ 93,  16, 106,  ..., 107, 107, 107],
        [ 93,  66,  11,  ..., 107, 107, 107],
        [ 99, 101, 101,  ..., 107, 107, 107],
        ...,
        [  4, 105,  73,  ..., 107, 107, 107],
        [ 12,  48, 106,  ..., 107, 107, 107],
        [101,  93,  93,  ..., 107, 107, 107]])
loss: 4.672317, 5152.000000/59000.000000
tensor([[[4.9999e-25, 9.1143e-03, 9.1143e-03,  ..., 9.1143e-03,
          9.1143e-03, 9.1143e-03],
         [1.2438e-22, 9.1143e-03, 9.1143e-03,  ..., 9.1143e-03,
          9.1143e-03, 9.1143e-03],
         [3.9680e-23, 9.1143e-03, 9.1143e-03,  ..., 9.1143e-03,
          9.1143e-03, 9.1143e-03],
         ...,
         [1.1723e-22, 9.1143e-03, 9.1143e-03,  ..., 9.1143e-03,
          9.1143e-03, 9.1143e-03],
         [3.6109e-22, 9.1143e-03, 9.1143e-03,  ..., 9.1143e-03,
          9.1143e-03, 9.1143e-03],
         [1.0000e+00, 2.4775e-02, 2.4775e-02,  ..., 2.4775e-02,
          2.4775e-02, 2.4775e-02]],

        [[4.9999e-25, 9.1143e-03, 9.1143e-03,  ..., 9.1143e-03,
          9.1143e-03, 9.1143e-03],
         [1.2438e-22, 9.1143e-03, 9.1143e-03,  ..., 9.1143e-03,
          9.1143e-03, 9.1143e-03],
         [3.9680e-23, 9.1143e-03, 9.1143e-03,  ..., 9.1143e-03,
          9.1143e-03, 9.1143e-03],
         ...,
         [1.1723e-22, 9.1143e-03, 9.1143e-03,  ..., 9.1143e-03,
          9.1143e-03, 9.1143e-03],
         [3.6109e-22, 9.1143e-03, 9.1143e-03,  ..., 9.1143e-03,
          9.1143e-03, 9.1143e-03],
         [1.0000e+00, 2.4775e-02, 2.4775e-02,  ..., 2.4775e-02,
          2.4775e-02, 2.4775e-02]],

        [[4.9999e-25, 9.1143e-03, 9.1143e-03,  ..., 9.1143e-03,
          9.1143e-03, 9.1143e-03],
         [1.2438e-22, 9.1143e-03, 9.1143e-03,  ..., 9.1143e-03,
          9.1143e-03, 9.1143e-03],
         [3.9680e-23, 9.1143e-03, 9.1143e-03,  ..., 9.1143e-03,
          9.1143e-03, 9.1143e-03],
         ...,
         [1.1723e-22, 9.1143e-03, 9.1143e-03,  ..., 9.1143e-03,
          9.1143e-03, 9.1143e-03],
         [3.6109e-22, 9.1143e-03, 9.1143e-03,  ..., 9.1143e-03,
          9.1143e-03, 9.1143e-03],
         [1.0000e+00, 2.4775e-02, 2.4775e-02,  ..., 2.4775e-02,
          2.4775e-02, 2.4775e-02]],

        ...,

        [[4.9999e-25, 9.1143e-03, 9.1143e-03,  ..., 9.1143e-03,
          9.1143e-03, 9.1143e-03],
         [1.2438e-22, 9.1143e-03, 9.1143e-03,  ..., 9.1143e-03,
          9.1143e-03, 9.1143e-03],
         [3.9680e-23, 9.1143e-03, 9.1143e-03,  ..., 9.1143e-03,
          9.1143e-03, 9.1143e-03],
         ...,
         [1.1723e-22, 9.1143e-03, 9.1143e-03,  ..., 9.1143e-03,
          9.1143e-03, 9.1143e-03],
         [3.6109e-22, 9.1143e-03, 9.1143e-03,  ..., 9.1143e-03,
          9.1143e-03, 9.1143e-03],
         [1.0000e+00, 2.4775e-02, 2.4775e-02,  ..., 2.4775e-02,
          2.4775e-02, 2.4775e-02]],

        [[4.9999e-25, 9.1143e-03, 9.1143e-03,  ..., 9.1143e-03,
          9.1143e-03, 9.1143e-03],
         [1.2438e-22, 9.1143e-03, 9.1143e-03,  ..., 9.1143e-03,
          9.1143e-03, 9.1143e-03],
         [3.9680e-23, 9.1143e-03, 9.1143e-03,  ..., 9.1143e-03,
          9.1143e-03, 9.1143e-03],
         ...,
         [1.1723e-22, 9.1143e-03, 9.1143e-03,  ..., 9.1143e-03,
          9.1143e-03, 9.1143e-03],
         [3.6109e-22, 9.1143e-03, 9.1143e-03,  ..., 9.1143e-03,
          9.1143e-03, 9.1143e-03],
         [1.0000e+00, 2.4775e-02, 2.4775e-02,  ..., 2.4775e-02,
          2.4775e-02, 2.4775e-02]],

        [[4.9999e-25, 9.1143e-03, 9.1143e-03,  ..., 9.1143e-03,
          9.1143e-03, 9.1143e-03],
         [1.2438e-22, 9.1143e-03, 9.1143e-03,  ..., 9.1143e-03,
          9.1143e-03, 9.1143e-03],
         [3.9680e-23, 9.1143e-03, 9.1143e-03,  ..., 9.1143e-03,
          9.1143e-03, 9.1143e-03],
         ...,
         [1.1723e-22, 9.1143e-03, 9.1143e-03,  ..., 9.1143e-03,
          9.1143e-03, 9.1143e-03],
         [3.6109e-22, 9.1143e-03, 9.1143e-03,  ..., 9.1143e-03,
          9.1143e-03, 9.1143e-03],
         [1.0000e+00, 2.4775e-02, 2.4775e-02,  ..., 2.4775e-02,
          2.4775e-02, 2.4775e-02]]], grad_fn=<SoftmaxBackward0>)
tensor([[107, 107, 107,  ..., 107, 107, 107],
        [107, 107, 107,  ..., 107, 107, 107],
        [107, 107, 107,  ..., 107, 107, 107],
        ...,
        [107, 107, 107,  ..., 107, 107, 107],
        [107, 107, 107,  ..., 107, 107, 107],
        [107, 107, 107,  ..., 107, 107, 107]])
tensor([[103,  82, 106,  ..., 107, 107, 107],
        [103,  93,  79,  ..., 107, 107, 107],
        [101,  99, 101,  ..., 107, 107, 107],
        ...,
        [ 73,  29,  59,  ..., 107, 107, 107],
        [ 93,  26, 105,  ..., 107, 107, 107],
        [101,  93,  93,  ..., 107, 107, 107]])
loss: 4.672990, 6432.000000/59000.000000
tensor([[[5.2290e-25, 9.1143e-03, 9.1143e-03,  ..., 9.1143e-03,
          9.1143e-03, 9.1143e-03],
         [1.2951e-22, 9.1143e-03, 9.1143e-03,  ..., 9.1143e-03,
          9.1143e-03, 9.1143e-03],
         [4.1353e-23, 9.1143e-03, 9.1143e-03,  ..., 9.1143e-03,
          9.1143e-03, 9.1143e-03],
         ...,
         [1.2207e-22, 9.1143e-03, 9.1143e-03,  ..., 9.1143e-03,
          9.1143e-03, 9.1143e-03],
         [3.7565e-22, 9.1143e-03, 9.1143e-03,  ..., 9.1143e-03,
          9.1143e-03, 9.1143e-03],
         [1.0000e+00, 2.4775e-02, 2.4775e-02,  ..., 2.4775e-02,
          2.4775e-02, 2.4775e-02]],

        [[5.2290e-25, 9.1143e-03, 9.1143e-03,  ..., 9.1143e-03,
          9.1143e-03, 9.1143e-03],
         [1.2951e-22, 9.1143e-03, 9.1143e-03,  ..., 9.1143e-03,
          9.1143e-03, 9.1143e-03],
         [4.1353e-23, 9.1143e-03, 9.1143e-03,  ..., 9.1143e-03,
          9.1143e-03, 9.1143e-03],
         ...,
         [1.2207e-22, 9.1143e-03, 9.1143e-03,  ..., 9.1143e-03,
          9.1143e-03, 9.1143e-03],
         [3.7565e-22, 9.1143e-03, 9.1143e-03,  ..., 9.1143e-03,
          9.1143e-03, 9.1143e-03],
         [1.0000e+00, 2.4775e-02, 2.4775e-02,  ..., 2.4775e-02,
          2.4775e-02, 2.4775e-02]],

        [[5.2290e-25, 9.1143e-03, 9.1143e-03,  ..., 9.1143e-03,
          9.1143e-03, 9.1143e-03],
         [1.2951e-22, 9.1143e-03, 9.1143e-03,  ..., 9.1143e-03,
          9.1143e-03, 9.1143e-03],
         [4.1353e-23, 9.1143e-03, 9.1143e-03,  ..., 9.1143e-03,
          9.1143e-03, 9.1143e-03],
         ...,
         [1.2207e-22, 9.1143e-03, 9.1143e-03,  ..., 9.1143e-03,
          9.1143e-03, 9.1143e-03],
         [3.7565e-22, 9.1143e-03, 9.1143e-03,  ..., 9.1143e-03,
          9.1143e-03, 9.1143e-03],
         [1.0000e+00, 2.4775e-02, 2.4775e-02,  ..., 2.4775e-02,
          2.4775e-02, 2.4775e-02]],

        ...,

        [[5.2290e-25, 9.1143e-03, 9.1143e-03,  ..., 9.1143e-03,
          9.1143e-03, 9.1143e-03],
         [1.2951e-22, 9.1143e-03, 9.1143e-03,  ..., 9.1143e-03,
          9.1143e-03, 9.1143e-03],
         [4.1353e-23, 9.1143e-03, 9.1143e-03,  ..., 9.1143e-03,
          9.1143e-03, 9.1143e-03],
         ...,
         [1.2207e-22, 9.1143e-03, 9.1143e-03,  ..., 9.1143e-03,
          9.1143e-03, 9.1143e-03],
         [3.7565e-22, 9.1143e-03, 9.1143e-03,  ..., 9.1143e-03,
          9.1143e-03, 9.1143e-03],
         [1.0000e+00, 2.4775e-02, 2.4775e-02,  ..., 2.4775e-02,
          2.4775e-02, 2.4775e-02]],

        [[5.2290e-25, 9.1143e-03, 9.1143e-03,  ..., 9.1143e-03,
          9.1143e-03, 9.1143e-03],
         [1.2951e-22, 9.1143e-03, 9.1143e-03,  ..., 9.1143e-03,
          9.1143e-03, 9.1143e-03],
         [4.1353e-23, 9.1143e-03, 9.1143e-03,  ..., 9.1143e-03,
          9.1143e-03, 9.1143e-03],
         ...,
         [1.2207e-22, 9.1143e-03, 9.1143e-03,  ..., 9.1143e-03,
          9.1143e-03, 9.1143e-03],
         [3.7565e-22, 9.1143e-03, 9.1143e-03,  ..., 9.1143e-03,
          9.1143e-03, 9.1143e-03],
         [1.0000e+00, 2.4775e-02, 2.4775e-02,  ..., 2.4775e-02,
          2.4775e-02, 2.4775e-02]],

        [[5.2290e-25, 9.1143e-03, 9.1143e-03,  ..., 9.1143e-03,
          9.1143e-03, 9.1143e-03],
         [1.2951e-22, 9.1143e-03, 9.1143e-03,  ..., 9.1143e-03,
          9.1143e-03, 9.1143e-03],
         [4.1353e-23, 9.1143e-03, 9.1143e-03,  ..., 9.1143e-03,
          9.1143e-03, 9.1143e-03],
         ...,
         [1.2207e-22, 9.1143e-03, 9.1143e-03,  ..., 9.1143e-03,
          9.1143e-03, 9.1143e-03],
         [3.7565e-22, 9.1143e-03, 9.1143e-03,  ..., 9.1143e-03,
          9.1143e-03, 9.1143e-03],
         [1.0000e+00, 2.4775e-02, 2.4775e-02,  ..., 2.4775e-02,
          2.4775e-02, 2.4775e-02]]], grad_fn=<SoftmaxBackward0>)
tensor([[107, 107, 107,  ..., 107, 107, 107],
        [107, 107, 107,  ..., 107, 107, 107],
        [107, 107, 107,  ..., 107, 107, 107],
        ...,
        [107, 107, 107,  ..., 107, 107, 107],
        [107, 107, 107,  ..., 107, 107, 107],
        [107, 107, 107,  ..., 107, 107, 107]])
tensor([[ 93,  82,  96,  ..., 107, 107, 107],
        [ 93,  91, 106,  ..., 107, 107, 107],
        [103,  54, 106,  ..., 107, 107, 107],
        ...,
        [ 38,  68,  49,  ..., 107, 107, 107],
        [ 93,  19,  95,  ..., 107, 107, 107],
        [103,  99,  99,  ..., 107, 107, 107]])
loss: 4.671937, 7712.000000/59000.000000
tensor([[[5.4684e-25, 9.1143e-03, 9.1143e-03,  ..., 9.1143e-03,
          9.1143e-03, 9.1143e-03],
         [1.3485e-22, 9.1143e-03, 9.1143e-03,  ..., 9.1143e-03,
          9.1143e-03, 9.1143e-03],
         [4.3097e-23, 9.1143e-03, 9.1143e-03,  ..., 9.1143e-03,
          9.1143e-03, 9.1143e-03],
         ...,
         [1.2710e-22, 9.1143e-03, 9.1143e-03,  ..., 9.1143e-03,
          9.1143e-03, 9.1143e-03],
         [3.9079e-22, 9.1143e-03, 9.1143e-03,  ..., 9.1143e-03,
          9.1143e-03, 9.1143e-03],
         [1.0000e+00, 2.4775e-02, 2.4775e-02,  ..., 2.4775e-02,
          2.4775e-02, 2.4775e-02]],

        [[5.4684e-25, 9.1143e-03, 9.1143e-03,  ..., 9.1143e-03,
          9.1143e-03, 9.1143e-03],
         [1.3485e-22, 9.1143e-03, 9.1143e-03,  ..., 9.1143e-03,
          9.1143e-03, 9.1143e-03],
         [4.3097e-23, 9.1143e-03, 9.1143e-03,  ..., 9.1143e-03,
          9.1143e-03, 9.1143e-03],
         ...,
         [1.2710e-22, 9.1143e-03, 9.1143e-03,  ..., 9.1143e-03,
          9.1143e-03, 9.1143e-03],
         [3.9079e-22, 9.1143e-03, 9.1143e-03,  ..., 9.1143e-03,
          9.1143e-03, 9.1143e-03],
         [1.0000e+00, 2.4775e-02, 2.4775e-02,  ..., 2.4775e-02,
          2.4775e-02, 2.4775e-02]],

        [[5.4684e-25, 9.1143e-03, 9.1143e-03,  ..., 9.1143e-03,
          9.1143e-03, 9.1143e-03],
         [1.3485e-22, 9.1143e-03, 9.1143e-03,  ..., 9.1143e-03,
          9.1143e-03, 9.1143e-03],
         [4.3097e-23, 9.1143e-03, 9.1143e-03,  ..., 9.1143e-03,
          9.1143e-03, 9.1143e-03],
         ...,
         [1.2710e-22, 9.1143e-03, 9.1143e-03,  ..., 9.1143e-03,
          9.1143e-03, 9.1143e-03],
         [3.9079e-22, 9.1143e-03, 9.1143e-03,  ..., 9.1143e-03,
          9.1143e-03, 9.1143e-03],
         [1.0000e+00, 2.4775e-02, 2.4775e-02,  ..., 2.4775e-02,
          2.4775e-02, 2.4775e-02]],

        ...,

        [[5.4684e-25, 9.1143e-03, 9.1143e-03,  ..., 9.1143e-03,
          9.1143e-03, 9.1143e-03],
         [1.3485e-22, 9.1143e-03, 9.1143e-03,  ..., 9.1143e-03,
          9.1143e-03, 9.1143e-03],
         [4.3097e-23, 9.1143e-03, 9.1143e-03,  ..., 9.1143e-03,
          9.1143e-03, 9.1143e-03],
         ...,
         [1.2710e-22, 9.1143e-03, 9.1143e-03,  ..., 9.1143e-03,
          9.1143e-03, 9.1143e-03],
         [3.9079e-22, 9.1143e-03, 9.1143e-03,  ..., 9.1143e-03,
          9.1143e-03, 9.1143e-03],
         [1.0000e+00, 2.4775e-02, 2.4775e-02,  ..., 2.4775e-02,
          2.4775e-02, 2.4775e-02]],

        [[5.4684e-25, 9.1143e-03, 9.1143e-03,  ..., 9.1143e-03,
          9.1143e-03, 9.1143e-03],
         [1.3485e-22, 9.1143e-03, 9.1143e-03,  ..., 9.1143e-03,
          9.1143e-03, 9.1143e-03],
         [4.3097e-23, 9.1143e-03, 9.1143e-03,  ..., 9.1143e-03,
          9.1143e-03, 9.1143e-03],
         ...,
         [1.2710e-22, 9.1143e-03, 9.1143e-03,  ..., 9.1143e-03,
          9.1143e-03, 9.1143e-03],
         [3.9079e-22, 9.1143e-03, 9.1143e-03,  ..., 9.1143e-03,
          9.1143e-03, 9.1143e-03],
         [1.0000e+00, 2.4775e-02, 2.4775e-02,  ..., 2.4775e-02,
          2.4775e-02, 2.4775e-02]],

        [[5.4684e-25, 9.1143e-03, 9.1143e-03,  ..., 9.1143e-03,
          9.1143e-03, 9.1143e-03],
         [1.3485e-22, 9.1143e-03, 9.1143e-03,  ..., 9.1143e-03,
          9.1143e-03, 9.1143e-03],
         [4.3097e-23, 9.1143e-03, 9.1143e-03,  ..., 9.1143e-03,
          9.1143e-03, 9.1143e-03],
         ...,
         [1.2710e-22, 9.1143e-03, 9.1143e-03,  ..., 9.1143e-03,
          9.1143e-03, 9.1143e-03],
         [3.9079e-22, 9.1143e-03, 9.1143e-03,  ..., 9.1143e-03,
          9.1143e-03, 9.1143e-03],
         [1.0000e+00, 2.4775e-02, 2.4775e-02,  ..., 2.4775e-02,
          2.4775e-02, 2.4775e-02]]], grad_fn=<SoftmaxBackward0>)
tensor([[107, 107, 107,  ..., 107, 107, 107],
        [107, 107, 107,  ..., 107, 107, 107],
        [107, 107, 107,  ..., 107, 107, 107],
        ...,
        [107, 107, 107,  ..., 107, 107, 107],
        [107, 107, 107,  ..., 107, 107, 107],
        [107, 107, 107,  ..., 107, 107, 107]])
tensor([[101,  93,  93,  ..., 107, 107, 107],
        [ 77,  95,  77,  ..., 107, 107, 107],
        [103,  67,  95,  ..., 107, 107, 107],
        ...,
        [ 85,  55,  68,  ..., 107, 107, 107],
        [ 38,  96,  46,  ..., 107, 107, 107],
        [103,  93,  18,  ..., 107, 107, 107]])
loss: 4.671350, 8992.000000/59000.000000
tensor([[[5.7186e-25, 9.1143e-03, 9.1143e-03,  ..., 9.1143e-03,
          9.1143e-03, 9.1143e-03],
         [1.4040e-22, 9.1143e-03, 9.1143e-03,  ..., 9.1143e-03,
          9.1143e-03, 9.1143e-03],
         [4.4912e-23, 9.1143e-03, 9.1143e-03,  ..., 9.1143e-03,
          9.1143e-03, 9.1143e-03],
         ...,
         [1.3234e-22, 9.1143e-03, 9.1143e-03,  ..., 9.1143e-03,
          9.1143e-03, 9.1143e-03],
         [4.0653e-22, 9.1143e-03, 9.1143e-03,  ..., 9.1143e-03,
          9.1143e-03, 9.1143e-03],
         [1.0000e+00, 2.4775e-02, 2.4775e-02,  ..., 2.4775e-02,
          2.4775e-02, 2.4775e-02]],

        [[5.7186e-25, 9.1143e-03, 9.1143e-03,  ..., 9.1143e-03,
          9.1143e-03, 9.1143e-03],
         [1.4040e-22, 9.1143e-03, 9.1143e-03,  ..., 9.1143e-03,
          9.1143e-03, 9.1143e-03],
         [4.4912e-23, 9.1143e-03, 9.1143e-03,  ..., 9.1143e-03,
          9.1143e-03, 9.1143e-03],
         ...,
         [1.3234e-22, 9.1143e-03, 9.1143e-03,  ..., 9.1143e-03,
          9.1143e-03, 9.1143e-03],
         [4.0653e-22, 9.1143e-03, 9.1143e-03,  ..., 9.1143e-03,
          9.1143e-03, 9.1143e-03],
         [1.0000e+00, 2.4775e-02, 2.4775e-02,  ..., 2.4775e-02,
          2.4775e-02, 2.4775e-02]],

        [[5.7186e-25, 9.1143e-03, 9.1143e-03,  ..., 9.1143e-03,
          9.1143e-03, 9.1143e-03],
         [1.4040e-22, 9.1143e-03, 9.1143e-03,  ..., 9.1143e-03,
          9.1143e-03, 9.1143e-03],
         [4.4912e-23, 9.1143e-03, 9.1143e-03,  ..., 9.1143e-03,
          9.1143e-03, 9.1143e-03],
         ...,
         [1.3234e-22, 9.1143e-03, 9.1143e-03,  ..., 9.1143e-03,
          9.1143e-03, 9.1143e-03],
         [4.0653e-22, 9.1143e-03, 9.1143e-03,  ..., 9.1143e-03,
          9.1143e-03, 9.1143e-03],
         [1.0000e+00, 2.4775e-02, 2.4775e-02,  ..., 2.4775e-02,
          2.4775e-02, 2.4775e-02]],

        ...,

        [[5.7186e-25, 9.1143e-03, 9.1143e-03,  ..., 9.1143e-03,
          9.1143e-03, 9.1143e-03],
         [1.4040e-22, 9.1143e-03, 9.1143e-03,  ..., 9.1143e-03,
          9.1143e-03, 9.1143e-03],
         [4.4912e-23, 9.1143e-03, 9.1143e-03,  ..., 9.1143e-03,
          9.1143e-03, 9.1143e-03],
         ...,
         [1.3234e-22, 9.1143e-03, 9.1143e-03,  ..., 9.1143e-03,
          9.1143e-03, 9.1143e-03],
         [4.0653e-22, 9.1143e-03, 9.1143e-03,  ..., 9.1143e-03,
          9.1143e-03, 9.1143e-03],
         [1.0000e+00, 2.4775e-02, 2.4775e-02,  ..., 2.4775e-02,
          2.4775e-02, 2.4775e-02]],

        [[5.7186e-25, 9.1143e-03, 9.1143e-03,  ..., 9.1143e-03,
          9.1143e-03, 9.1143e-03],
         [1.4040e-22, 9.1143e-03, 9.1143e-03,  ..., 9.1143e-03,
          9.1143e-03, 9.1143e-03],
         [4.4912e-23, 9.1143e-03, 9.1143e-03,  ..., 9.1143e-03,
          9.1143e-03, 9.1143e-03],
         ...,
         [1.3234e-22, 9.1143e-03, 9.1143e-03,  ..., 9.1143e-03,
          9.1143e-03, 9.1143e-03],
         [4.0653e-22, 9.1143e-03, 9.1143e-03,  ..., 9.1143e-03,
          9.1143e-03, 9.1143e-03],
         [1.0000e+00, 2.4775e-02, 2.4775e-02,  ..., 2.4775e-02,
          2.4775e-02, 2.4775e-02]],

        [[5.7186e-25, 9.1143e-03, 9.1143e-03,  ..., 9.1143e-03,
          9.1143e-03, 9.1143e-03],
         [1.4040e-22, 9.1143e-03, 9.1143e-03,  ..., 9.1143e-03,
          9.1143e-03, 9.1143e-03],
         [4.4912e-23, 9.1143e-03, 9.1143e-03,  ..., 9.1143e-03,
          9.1143e-03, 9.1143e-03],
         ...,
         [1.3234e-22, 9.1143e-03, 9.1143e-03,  ..., 9.1143e-03,
          9.1143e-03, 9.1143e-03],
         [4.0653e-22, 9.1143e-03, 9.1143e-03,  ..., 9.1143e-03,
          9.1143e-03, 9.1143e-03],
         [1.0000e+00, 2.4775e-02, 2.4775e-02,  ..., 2.4775e-02,
          2.4775e-02, 2.4775e-02]]], grad_fn=<SoftmaxBackward0>)
tensor([[107, 107, 107,  ..., 107, 107, 107],
        [107, 107, 107,  ..., 107, 107, 107],
        [107, 107, 107,  ..., 107, 107, 107],
        ...,
        [107, 107, 107,  ..., 107, 107, 107],
        [107, 107, 107,  ..., 107, 107, 107],
        [107, 107, 107,  ..., 107, 107, 107]])
tensor([[  9,  49,  24,  ..., 107, 107, 107],
        [103,  73,  11,  ..., 107, 107, 107],
        [101,  93,  50,  ..., 107, 107, 107],
        ...,
        [ 93,   1,   1,  ..., 107, 107, 107],
        [ 24,  97,   8,  ..., 107, 107, 107],
        [ 93,  43,  95,  ..., 107, 107, 107]])
loss: 4.672390, 10272.000000/59000.000000
tensor([[[5.9800e-25, 9.1143e-03, 9.1143e-03,  ..., 9.1143e-03,
          9.1143e-03, 9.1143e-03],
         [1.4617e-22, 9.1143e-03, 9.1143e-03,  ..., 9.1143e-03,
          9.1143e-03, 9.1143e-03],
         [4.6803e-23, 9.1143e-03, 9.1143e-03,  ..., 9.1143e-03,
          9.1143e-03, 9.1143e-03],
         ...,
         [1.3779e-22, 9.1143e-03, 9.1143e-03,  ..., 9.1143e-03,
          9.1143e-03, 9.1143e-03],
         [4.2289e-22, 9.1143e-03, 9.1143e-03,  ..., 9.1143e-03,
          9.1143e-03, 9.1143e-03],
         [1.0000e+00, 2.4775e-02, 2.4775e-02,  ..., 2.4775e-02,
          2.4775e-02, 2.4775e-02]],

        [[5.9800e-25, 9.1143e-03, 9.1143e-03,  ..., 9.1143e-03,
          9.1143e-03, 9.1143e-03],
         [1.4617e-22, 9.1143e-03, 9.1143e-03,  ..., 9.1143e-03,
          9.1143e-03, 9.1143e-03],
         [4.6803e-23, 9.1143e-03, 9.1143e-03,  ..., 9.1143e-03,
          9.1143e-03, 9.1143e-03],
         ...,
         [1.3779e-22, 9.1143e-03, 9.1143e-03,  ..., 9.1143e-03,
          9.1143e-03, 9.1143e-03],
         [4.2289e-22, 9.1143e-03, 9.1143e-03,  ..., 9.1143e-03,
          9.1143e-03, 9.1143e-03],
         [1.0000e+00, 2.4775e-02, 2.4775e-02,  ..., 2.4775e-02,
          2.4775e-02, 2.4775e-02]],

        [[5.9800e-25, 9.1143e-03, 9.1143e-03,  ..., 9.1143e-03,
          9.1143e-03, 9.1143e-03],
         [1.4617e-22, 9.1143e-03, 9.1143e-03,  ..., 9.1143e-03,
          9.1143e-03, 9.1143e-03],
         [4.6803e-23, 9.1143e-03, 9.1143e-03,  ..., 9.1143e-03,
          9.1143e-03, 9.1143e-03],
         ...,
         [1.3779e-22, 9.1143e-03, 9.1143e-03,  ..., 9.1143e-03,
          9.1143e-03, 9.1143e-03],
         [4.2289e-22, 9.1143e-03, 9.1143e-03,  ..., 9.1143e-03,
          9.1143e-03, 9.1143e-03],
         [1.0000e+00, 2.4775e-02, 2.4775e-02,  ..., 2.4775e-02,
          2.4775e-02, 2.4775e-02]],

        ...,

        [[5.9800e-25, 9.1143e-03, 9.1143e-03,  ..., 9.1143e-03,
          9.1143e-03, 9.1143e-03],
         [1.4617e-22, 9.1143e-03, 9.1143e-03,  ..., 9.1143e-03,
          9.1143e-03, 9.1143e-03],
         [4.6803e-23, 9.1143e-03, 9.1143e-03,  ..., 9.1143e-03,
          9.1143e-03, 9.1143e-03],
         ...,
         [1.3779e-22, 9.1143e-03, 9.1143e-03,  ..., 9.1143e-03,
          9.1143e-03, 9.1143e-03],
         [4.2289e-22, 9.1143e-03, 9.1143e-03,  ..., 9.1143e-03,
          9.1143e-03, 9.1143e-03],
         [1.0000e+00, 2.4775e-02, 2.4775e-02,  ..., 2.4775e-02,
          2.4775e-02, 2.4775e-02]],

        [[5.9800e-25, 9.1143e-03, 9.1143e-03,  ..., 9.1143e-03,
          9.1143e-03, 9.1143e-03],
         [1.4617e-22, 9.1143e-03, 9.1143e-03,  ..., 9.1143e-03,
          9.1143e-03, 9.1143e-03],
         [4.6803e-23, 9.1143e-03, 9.1143e-03,  ..., 9.1143e-03,
          9.1143e-03, 9.1143e-03],
         ...,
         [1.3779e-22, 9.1143e-03, 9.1143e-03,  ..., 9.1143e-03,
          9.1143e-03, 9.1143e-03],
         [4.2289e-22, 9.1143e-03, 9.1143e-03,  ..., 9.1143e-03,
          9.1143e-03, 9.1143e-03],
         [1.0000e+00, 2.4775e-02, 2.4775e-02,  ..., 2.4775e-02,
          2.4775e-02, 2.4775e-02]],

        [[5.9800e-25, 9.1143e-03, 9.1143e-03,  ..., 9.1143e-03,
          9.1143e-03, 9.1143e-03],
         [1.4617e-22, 9.1143e-03, 9.1143e-03,  ..., 9.1143e-03,
          9.1143e-03, 9.1143e-03],
         [4.6803e-23, 9.1143e-03, 9.1143e-03,  ..., 9.1143e-03,
          9.1143e-03, 9.1143e-03],
         ...,
         [1.3779e-22, 9.1143e-03, 9.1143e-03,  ..., 9.1143e-03,
          9.1143e-03, 9.1143e-03],
         [4.2289e-22, 9.1143e-03, 9.1143e-03,  ..., 9.1143e-03,
          9.1143e-03, 9.1143e-03],
         [1.0000e+00, 2.4775e-02, 2.4775e-02,  ..., 2.4775e-02,
          2.4775e-02, 2.4775e-02]]], grad_fn=<SoftmaxBackward0>)
tensor([[107, 107, 107,  ..., 107, 107, 107],
        [107, 107, 107,  ..., 107, 107, 107],
        [107, 107, 107,  ..., 107, 107, 107],
        ...,
        [107, 107, 107,  ..., 107, 107, 107],
        [107, 107, 107,  ..., 107, 107, 107],
        [107, 107, 107,  ..., 107, 107, 107]])
tensor([[ 93,  24,  89,  ..., 107, 107, 107],
        [103,  99, 101,  ..., 107, 107, 107],
        [  9, 105,  43,  ..., 107, 107, 107],
        ...,
        [103,  93, 103,  ..., 107, 107, 107],
        [ 93,  34, 106,  ..., 107, 107, 107],
        [101,  93,  53,  ..., 107, 107, 107]])
loss: 4.671864, 11552.000000/59000.000000
tensor([[[6.2531e-25, 9.1143e-03, 9.1143e-03,  ..., 9.1143e-03,
          9.1143e-03, 9.1143e-03],
         [1.5218e-22, 9.1143e-03, 9.1143e-03,  ..., 9.1143e-03,
          9.1143e-03, 9.1143e-03],
         [4.8772e-23, 9.1143e-03, 9.1143e-03,  ..., 9.1143e-03,
          9.1143e-03, 9.1143e-03],
         ...,
         [1.4346e-22, 9.1143e-03, 9.1143e-03,  ..., 9.1143e-03,
          9.1143e-03, 9.1143e-03],
         [4.3989e-22, 9.1143e-03, 9.1143e-03,  ..., 9.1143e-03,
          9.1143e-03, 9.1143e-03],
         [1.0000e+00, 2.4775e-02, 2.4775e-02,  ..., 2.4775e-02,
          2.4775e-02, 2.4775e-02]],

        [[6.2531e-25, 9.1143e-03, 9.1143e-03,  ..., 9.1143e-03,
          9.1143e-03, 9.1143e-03],
         [1.5218e-22, 9.1143e-03, 9.1143e-03,  ..., 9.1143e-03,
          9.1143e-03, 9.1143e-03],
         [4.8772e-23, 9.1143e-03, 9.1143e-03,  ..., 9.1143e-03,
          9.1143e-03, 9.1143e-03],
         ...,
         [1.4346e-22, 9.1143e-03, 9.1143e-03,  ..., 9.1143e-03,
          9.1143e-03, 9.1143e-03],
         [4.3989e-22, 9.1143e-03, 9.1143e-03,  ..., 9.1143e-03,
          9.1143e-03, 9.1143e-03],
         [1.0000e+00, 2.4775e-02, 2.4775e-02,  ..., 2.4775e-02,
          2.4775e-02, 2.4775e-02]],

        [[6.2531e-25, 9.1143e-03, 9.1143e-03,  ..., 9.1143e-03,
          9.1143e-03, 9.1143e-03],
         [1.5218e-22, 9.1143e-03, 9.1143e-03,  ..., 9.1143e-03,
          9.1143e-03, 9.1143e-03],
         [4.8772e-23, 9.1143e-03, 9.1143e-03,  ..., 9.1143e-03,
          9.1143e-03, 9.1143e-03],
         ...,
         [1.4346e-22, 9.1143e-03, 9.1143e-03,  ..., 9.1143e-03,
          9.1143e-03, 9.1143e-03],
         [4.3989e-22, 9.1143e-03, 9.1143e-03,  ..., 9.1143e-03,
          9.1143e-03, 9.1143e-03],
         [1.0000e+00, 2.4775e-02, 2.4775e-02,  ..., 2.4775e-02,
          2.4775e-02, 2.4775e-02]],

        ...,

        [[6.2531e-25, 9.1143e-03, 9.1143e-03,  ..., 9.1143e-03,
          9.1143e-03, 9.1143e-03],
         [1.5218e-22, 9.1143e-03, 9.1143e-03,  ..., 9.1143e-03,
          9.1143e-03, 9.1143e-03],
         [4.8772e-23, 9.1143e-03, 9.1143e-03,  ..., 9.1143e-03,
          9.1143e-03, 9.1143e-03],
         ...,
         [1.4346e-22, 9.1143e-03, 9.1143e-03,  ..., 9.1143e-03,
          9.1143e-03, 9.1143e-03],
         [4.3989e-22, 9.1143e-03, 9.1143e-03,  ..., 9.1143e-03,
          9.1143e-03, 9.1143e-03],
         [1.0000e+00, 2.4775e-02, 2.4775e-02,  ..., 2.4775e-02,
          2.4775e-02, 2.4775e-02]],

        [[6.2531e-25, 9.1143e-03, 9.1143e-03,  ..., 9.1143e-03,
          9.1143e-03, 9.1143e-03],
         [1.5218e-22, 9.1143e-03, 9.1143e-03,  ..., 9.1143e-03,
          9.1143e-03, 9.1143e-03],
         [4.8772e-23, 9.1143e-03, 9.1143e-03,  ..., 9.1143e-03,
          9.1143e-03, 9.1143e-03],
         ...,
         [1.4346e-22, 9.1143e-03, 9.1143e-03,  ..., 9.1143e-03,
          9.1143e-03, 9.1143e-03],
         [4.3989e-22, 9.1143e-03, 9.1143e-03,  ..., 9.1143e-03,
          9.1143e-03, 9.1143e-03],
         [1.0000e+00, 2.4775e-02, 2.4775e-02,  ..., 2.4775e-02,
          2.4775e-02, 2.4775e-02]],

        [[6.2531e-25, 9.1143e-03, 9.1143e-03,  ..., 9.1143e-03,
          9.1143e-03, 9.1143e-03],
         [1.5218e-22, 9.1143e-03, 9.1143e-03,  ..., 9.1143e-03,
          9.1143e-03, 9.1143e-03],
         [4.8772e-23, 9.1143e-03, 9.1143e-03,  ..., 9.1143e-03,
          9.1143e-03, 9.1143e-03],
         ...,
         [1.4346e-22, 9.1143e-03, 9.1143e-03,  ..., 9.1143e-03,
          9.1143e-03, 9.1143e-03],
         [4.3989e-22, 9.1143e-03, 9.1143e-03,  ..., 9.1143e-03,
          9.1143e-03, 9.1143e-03],
         [1.0000e+00, 2.4775e-02, 2.4775e-02,  ..., 2.4775e-02,
          2.4775e-02, 2.4775e-02]]], grad_fn=<SoftmaxBackward0>)
tensor([[107, 107, 107,  ..., 107, 107, 107],
        [107, 107, 107,  ..., 107, 107, 107],
        [107, 107, 107,  ..., 107, 107, 107],
        ...,
        [107, 107, 107,  ..., 107, 107, 107],
        [107, 107, 107,  ..., 107, 107, 107],
        [107, 107, 107,  ..., 107, 107, 107]])
tensor([[101,  99, 101,  ..., 107, 107, 107],
        [ 93,  36, 105,  ..., 107, 107, 107],
        [101,  99, 101,  ..., 107, 107, 107],
        ...,
        [101,  40,  41,  ..., 107, 107, 107],
        [ 36,  97,   4,  ..., 107, 107, 107],
        [ 59, 106,   7,  ..., 107, 107, 107]])
loss: 4.672292, 12832.000000/59000.000000
tensor([[[6.5385e-25, 9.1143e-03, 9.1143e-03,  ..., 9.1143e-03,
          9.1143e-03, 9.1143e-03],
         [1.5842e-22, 9.1143e-03, 9.1143e-03,  ..., 9.1143e-03,
          9.1143e-03, 9.1143e-03],
         [5.0821e-23, 9.1143e-03, 9.1143e-03,  ..., 9.1143e-03,
          9.1143e-03, 9.1143e-03],
         ...,
         [1.4935e-22, 9.1143e-03, 9.1143e-03,  ..., 9.1143e-03,
          9.1143e-03, 9.1143e-03],
         [4.5756e-22, 9.1143e-03, 9.1143e-03,  ..., 9.1143e-03,
          9.1143e-03, 9.1143e-03],
         [1.0000e+00, 2.4775e-02, 2.4775e-02,  ..., 2.4775e-02,
          2.4775e-02, 2.4775e-02]],

        [[6.5385e-25, 9.1143e-03, 9.1143e-03,  ..., 9.1143e-03,
          9.1143e-03, 9.1143e-03],
         [1.5842e-22, 9.1143e-03, 9.1143e-03,  ..., 9.1143e-03,
          9.1143e-03, 9.1143e-03],
         [5.0821e-23, 9.1143e-03, 9.1143e-03,  ..., 9.1143e-03,
          9.1143e-03, 9.1143e-03],
         ...,
         [1.4935e-22, 9.1143e-03, 9.1143e-03,  ..., 9.1143e-03,
          9.1143e-03, 9.1143e-03],
         [4.5756e-22, 9.1143e-03, 9.1143e-03,  ..., 9.1143e-03,
          9.1143e-03, 9.1143e-03],
         [1.0000e+00, 2.4775e-02, 2.4775e-02,  ..., 2.4775e-02,
          2.4775e-02, 2.4775e-02]],

        [[6.5385e-25, 9.1143e-03, 9.1143e-03,  ..., 9.1143e-03,
          9.1143e-03, 9.1143e-03],
         [1.5842e-22, 9.1143e-03, 9.1143e-03,  ..., 9.1143e-03,
          9.1143e-03, 9.1143e-03],
         [5.0821e-23, 9.1143e-03, 9.1143e-03,  ..., 9.1143e-03,
          9.1143e-03, 9.1143e-03],
         ...,
         [1.4935e-22, 9.1143e-03, 9.1143e-03,  ..., 9.1143e-03,
          9.1143e-03, 9.1143e-03],
         [4.5756e-22, 9.1143e-03, 9.1143e-03,  ..., 9.1143e-03,
          9.1143e-03, 9.1143e-03],
         [1.0000e+00, 2.4775e-02, 2.4775e-02,  ..., 2.4775e-02,
          2.4775e-02, 2.4775e-02]],

        ...,

        [[6.5385e-25, 9.1143e-03, 9.1143e-03,  ..., 9.1143e-03,
          9.1143e-03, 9.1143e-03],
         [1.5842e-22, 9.1143e-03, 9.1143e-03,  ..., 9.1143e-03,
          9.1143e-03, 9.1143e-03],
         [5.0821e-23, 9.1143e-03, 9.1143e-03,  ..., 9.1143e-03,
          9.1143e-03, 9.1143e-03],
         ...,
         [1.4935e-22, 9.1143e-03, 9.1143e-03,  ..., 9.1143e-03,
          9.1143e-03, 9.1143e-03],
         [4.5756e-22, 9.1143e-03, 9.1143e-03,  ..., 9.1143e-03,
          9.1143e-03, 9.1143e-03],
         [1.0000e+00, 2.4775e-02, 2.4775e-02,  ..., 2.4775e-02,
          2.4775e-02, 2.4775e-02]],

        [[6.5385e-25, 9.1143e-03, 9.1143e-03,  ..., 9.1143e-03,
          9.1143e-03, 9.1143e-03],
         [1.5842e-22, 9.1143e-03, 9.1143e-03,  ..., 9.1143e-03,
          9.1143e-03, 9.1143e-03],
         [5.0821e-23, 9.1143e-03, 9.1143e-03,  ..., 9.1143e-03,
          9.1143e-03, 9.1143e-03],
         ...,
         [1.4935e-22, 9.1143e-03, 9.1143e-03,  ..., 9.1143e-03,
          9.1143e-03, 9.1143e-03],
         [4.5756e-22, 9.1143e-03, 9.1143e-03,  ..., 9.1143e-03,
          9.1143e-03, 9.1143e-03],
         [1.0000e+00, 2.4775e-02, 2.4775e-02,  ..., 2.4775e-02,
          2.4775e-02, 2.4775e-02]],

        [[6.5385e-25, 9.1143e-03, 9.1143e-03,  ..., 9.1143e-03,
          9.1143e-03, 9.1143e-03],
         [1.5842e-22, 9.1143e-03, 9.1143e-03,  ..., 9.1143e-03,
          9.1143e-03, 9.1143e-03],
         [5.0821e-23, 9.1143e-03, 9.1143e-03,  ..., 9.1143e-03,
          9.1143e-03, 9.1143e-03],
         ...,
         [1.4935e-22, 9.1143e-03, 9.1143e-03,  ..., 9.1143e-03,
          9.1143e-03, 9.1143e-03],
         [4.5756e-22, 9.1143e-03, 9.1143e-03,  ..., 9.1143e-03,
          9.1143e-03, 9.1143e-03],
         [1.0000e+00, 2.4775e-02, 2.4775e-02,  ..., 2.4775e-02,
          2.4775e-02, 2.4775e-02]]], grad_fn=<SoftmaxBackward0>)